<?xml version="1.0" encoding="UTF-8"?>
<testng-results ignored="0" total="5" passed="4" failed="1" skipped="0">
  <reporter-output>
  </reporter-output>
  <suite started-at="2024-02-11T17:29:20 IST" name="Suite" finished-at="2024-02-11T17:30:24 IST" duration-ms="63276">
    <groups>
      <group name="Purchase">
        <method signature="StandAloneTest.SubmitOrder(java.util.HashMap)[pri:0, instance:ShirishAcademy.SeleniumFrameworkDesign.StandAloneTest@7dda48d9]" name="SubmitOrder" class="ShirishAcademy.SeleniumFrameworkDesign.StandAloneTest"/>
      </group> <!-- Purchase -->
    </groups>
    <test started-at="2024-02-11T17:29:20 IST" name="Submit Order Test" finished-at="2024-02-11T17:30:03 IST" duration-ms="42370">
      <class name="ShirishAcademy.SeleniumFrameworkDesign.StandAloneTest">
        <test-method is-config="true" signature="launchApplication()[pri:0, instance:ShirishAcademy.SeleniumFrameworkDesign.StandAloneTest@7dda48d9]" started-at="2024-02-11T17:29:21 IST" name="launchApplication" finished-at="2024-02-11T17:29:29 IST" duration-ms="8123" status="PASS">
          <reporter-output>
          </reporter-output>
        </test-method> <!-- launchApplication -->
        <test-method signature="SubmitOrder(java.util.HashMap)[pri:0, instance:ShirishAcademy.SeleniumFrameworkDesign.StandAloneTest@7dda48d9]" started-at="2024-02-11T17:29:29 IST" name="SubmitOrder" data-provider="getTheData" finished-at="2024-02-11T17:29:37 IST" duration-ms="8475" status="PASS">
          <params>
            <param index="0">
              <value>
                <![CDATA[{password=Chetna!123, ProductName=ZARA COAT 3, email=Sm123@gmail.com}]]>
              </value>
            </param>
          </params>
          <reporter-output>
          </reporter-output>
        </test-method> <!-- SubmitOrder -->
        <test-method is-config="true" signature="closeBrowser()[pri:0, instance:ShirishAcademy.SeleniumFrameworkDesign.StandAloneTest@7dda48d9]" started-at="2024-02-11T17:29:37 IST" name="closeBrowser" finished-at="2024-02-11T17:29:37 IST" duration-ms="2" status="PASS">
          <reporter-output>
          </reporter-output>
        </test-method> <!-- closeBrowser -->
        <test-method is-config="true" signature="launchApplication()[pri:0, instance:ShirishAcademy.SeleniumFrameworkDesign.StandAloneTest@7dda48d9]" started-at="2024-02-11T17:29:37 IST" name="launchApplication" finished-at="2024-02-11T17:29:44 IST" duration-ms="6305" status="PASS">
          <reporter-output>
          </reporter-output>
        </test-method> <!-- launchApplication -->
        <test-method signature="SubmitOrder(java.util.HashMap)[pri:0, instance:ShirishAcademy.SeleniumFrameworkDesign.StandAloneTest@7dda48d9]" started-at="2024-02-11T17:29:44 IST" name="SubmitOrder" data-provider="getTheData" finished-at="2024-02-11T17:29:51 IST" duration-ms="7706" status="PASS">
          <params>
            <param index="0">
              <value>
                <![CDATA[{password=D@12345, ProductName=ADIDAS ORIGINAL, email=Sona1@gmail.com}]]>
              </value>
            </param>
          </params>
          <reporter-output>
          </reporter-output>
        </test-method> <!-- SubmitOrder -->
        <test-method is-config="true" signature="closeBrowser()[pri:0, instance:ShirishAcademy.SeleniumFrameworkDesign.StandAloneTest@7dda48d9]" started-at="2024-02-11T17:29:51 IST" name="closeBrowser" finished-at="2024-02-11T17:29:51 IST" duration-ms="1" status="PASS">
          <reporter-output>
          </reporter-output>
        </test-method> <!-- closeBrowser -->
        <test-method is-config="true" signature="launchApplication()[pri:0, instance:ShirishAcademy.SeleniumFrameworkDesign.StandAloneTest@7dda48d9]" started-at="2024-02-11T17:29:51 IST" name="launchApplication" finished-at="2024-02-11T17:30:01 IST" duration-ms="9225" status="PASS">
          <reporter-output>
          </reporter-output>
        </test-method> <!-- launchApplication -->
        <test-method signature="OrderHistoryPage()[pri:0, instance:ShirishAcademy.SeleniumFrameworkDesign.StandAloneTest@7dda48d9]" started-at="2024-02-11T17:30:01 IST" name="OrderHistoryPage" finished-at="2024-02-11T17:30:03 IST" depends-on-methods="ShirishAcademy.SeleniumFrameworkDesign.StandAloneTest.SubmitOrder" duration-ms="1919" status="PASS">
          <reporter-output>
          </reporter-output>
        </test-method> <!-- OrderHistoryPage -->
        <test-method is-config="true" signature="closeBrowser()[pri:0, instance:ShirishAcademy.SeleniumFrameworkDesign.StandAloneTest@7dda48d9]" started-at="2024-02-11T17:30:03 IST" name="closeBrowser" finished-at="2024-02-11T17:30:03 IST" duration-ms="2" status="PASS">
          <reporter-output>
          </reporter-output>
        </test-method> <!-- closeBrowser -->
      </class> <!-- ShirishAcademy.SeleniumFrameworkDesign.StandAloneTest -->
    </test> <!-- Submit Order Test -->
    <test started-at="2024-02-11T17:30:04 IST" name="Error Validation Test" finished-at="2024-02-11T17:30:24 IST" duration-ms="20005">
      <class name="ShirishAcademy.SeleniumFrameworkDesign.ErrorValidation">
        <test-method is-config="true" signature="launchApplication()[pri:0, instance:ShirishAcademy.SeleniumFrameworkDesign.ErrorValidation@2dc995f4]" started-at="2024-02-11T17:30:04 IST" name="launchApplication" finished-at="2024-02-11T17:30:10 IST" duration-ms="6597" status="PASS">
          <reporter-output>
          </reporter-output>
        </test-method> <!-- launchApplication -->
        <test-method signature="LoginValidation()[pri:0, instance:ShirishAcademy.SeleniumFrameworkDesign.ErrorValidation@2dc995f4]" started-at="2024-02-11T17:30:10 IST" name="LoginValidation" finished-at="2024-02-11T17:30:12 IST" duration-ms="1440" status="FAIL">
          <exception class="java.lang.AssertionError">
            <message>
              <![CDATA[expected [Incorrect email or password.] but found [Incorrect email password.]]]>
            </message>
            <full-stacktrace>
              <![CDATA[java.lang.AssertionError: expected [Incorrect email or password.] but found [Incorrect email password.]
at org.testng.Assert.fail(Assert.java:110)
at org.testng.Assert.failNotEquals(Assert.java:1577)
at org.testng.Assert.assertEqualsImpl(Assert.java:149)
at org.testng.Assert.assertEquals(Assert.java:131)
at org.testng.Assert.assertEquals(Assert.java:655)
at org.testng.Assert.assertEquals(Assert.java:665)
at ShirishAcademy.SeleniumFrameworkDesign.ErrorValidation.LoginValidation(ErrorValidation.java:34)
at java.base/jdk.internal.reflect.NativeMethodAccessorImpl.invoke0(Native Method)
at java.base/jdk.internal.reflect.NativeMethodAccessorImpl.invoke(NativeMethodAccessorImpl.java:77)
at java.base/jdk.internal.reflect.DelegatingMethodAccessorImpl.invoke(DelegatingMethodAccessorImpl.java:43)
at java.base/java.lang.reflect.Method.invoke(Method.java:568)
at org.testng.internal.invokers.MethodInvocationHelper.invokeMethod(MethodInvocationHelper.java:139)
at org.testng.internal.invokers.TestInvoker.invokeMethod(TestInvoker.java:677)
at org.testng.internal.invokers.TestInvoker.invokeTestMethod(TestInvoker.java:221)
at org.testng.internal.invokers.MethodRunner.runInSequence(MethodRunner.java:50)
at org.testng.internal.invokers.TestInvoker$MethodInvocationAgent.invoke(TestInvoker.java:969)
at org.testng.internal.invokers.TestInvoker.invokeTestMethods(TestInvoker.java:194)
at org.testng.internal.invokers.TestMethodWorker.invokeTestMethods(TestMethodWorker.java:148)
at org.testng.internal.invokers.TestMethodWorker.run(TestMethodWorker.java:128)
at java.base/java.util.ArrayList.forEach(ArrayList.java:1511)
at org.testng.TestRunner.privateRun(TestRunner.java:829)
at org.testng.TestRunner.run(TestRunner.java:602)
at org.testng.SuiteRunner.runTest(SuiteRunner.java:437)
at org.testng.SuiteRunner.runSequentially(SuiteRunner.java:431)
at org.testng.SuiteRunner.privateRun(SuiteRunner.java:391)
at org.testng.SuiteRunner.run(SuiteRunner.java:330)
at org.testng.SuiteRunnerWorker.runSuite(SuiteRunnerWorker.java:52)
at org.testng.SuiteRunnerWorker.run(SuiteRunnerWorker.java:95)
at org.testng.TestNG.runSuitesSequentially(TestNG.java:1256)
at org.testng.TestNG.runSuitesLocally(TestNG.java:1176)
at org.testng.TestNG.runSuites(TestNG.java:1099)
at org.testng.TestNG.run(TestNG.java:1067)
at org.testng.remote.AbstractRemoteTestNG.run(AbstractRemoteTestNG.java:115)
at org.testng.remote.RemoteTestNG.initAndRun(RemoteTestNG.java:251)
at org.testng.remote.RemoteTestNG.main(RemoteTestNG.java:77)
]]>
            </full-stacktrace>
          </exception> <!-- java.lang.AssertionError -->
          <reporter-output>
          </reporter-output>
        </test-method> <!-- LoginValidation -->
        <test-method is-config="true" signature="closeBrowser()[pri:0, instance:ShirishAcademy.SeleniumFrameworkDesign.ErrorValidation@2dc995f4]" started-at="2024-02-11T17:30:12 IST" name="closeBrowser" finished-at="2024-02-11T17:30:12 IST" duration-ms="0" status="PASS">
          <reporter-output>
          </reporter-output>
        </test-method> <!-- closeBrowser -->
        <test-method is-config="true" signature="launchApplication()[pri:0, instance:ShirishAcademy.SeleniumFrameworkDesign.ErrorValidation@2dc995f4]" started-at="2024-02-11T17:30:12 IST" name="launchApplication" finished-at="2024-02-11T17:30:19 IST" duration-ms="7411" status="PASS">
          <reporter-output>
          </reporter-output>
        </test-method> <!-- launchApplication -->
        <test-method signature="productErrorValidations()[pri:0, instance:ShirishAcademy.SeleniumFrameworkDesign.ErrorValidation@2dc995f4]" started-at="2024-02-11T17:30:19 IST" name="productErrorValidations" finished-at="2024-02-11T17:30:24 IST" duration-ms="4011" status="PASS">
          <reporter-output>
          </reporter-output>
        </test-method> <!-- productErrorValidations -->
        <test-method is-config="true" signature="closeBrowser()[pri:0, instance:ShirishAcademy.SeleniumFrameworkDesign.ErrorValidation@2dc995f4]" started-at="2024-02-11T17:30:24 IST" name="closeBrowser" finished-at="2024-02-11T17:30:24 IST" duration-ms="1" status="PASS">
          <reporter-output>
          </reporter-output>
        </test-method> <!-- closeBrowser -->
      </class> <!-- ShirishAcademy.SeleniumFrameworkDesign.ErrorValidation -->
    </test> <!-- Error Validation Test -->
  </suite> <!-- Suite -->
</testng-results>
