<?xml version="1.0" encoding="UTF-8"?>
<!-- Generated by org.testng.reporters.JUnitXMLReporter -->
<testsuite ignored="0" hostname="DESKTOP-3EB4RTA" failures="1" tests="2" name="Error Validation Test" time="20.005" errors="0" timestamp="2024-02-11T17:30:24 IST">
  <testcase classname="ShirishAcademy.SeleniumFrameworkDesign.ErrorValidation" name="LoginValidation" time="1.44">
    <failure type="java.lang.AssertionError" message="expected [Incorrect email or password.] but found [Incorrect email password.]">
      <![CDATA[java.lang.AssertionError: expected [Incorrect email or password.] but found [Incorrect email password.]
at ShirishAcademy.SeleniumFrameworkDesign.ErrorValidation.LoginValidation(ErrorValidation.java:34)
at java.base/java.util.ArrayList.forEach(ArrayList.java:1511)
... Removed 33 stack frames]]>
    </failure>
  </testcase> <!-- LoginValidation -->
  <testcase classname="ShirishAcademy.SeleniumFrameworkDesign.ErrorValidation" name="productErrorValidations" time="4.011"/>
</testsuite> <!-- Error Validation Test -->
